Построение начато 28.02.2016 13:26:31.
     1>Проект "D:\nir\kaskad_work\kaskad\kaskad.vcxproj" в узле 2 (целевые объекты build).
     1>InitializeBuildStatus:
         Создание "Debug\kaskad.unsuccessfulbuild", так как было задано "AlwaysCreate".
       ClCompile:
         Для всех выходных данных обновления не требуется.
         Для всех выходных данных обновления не требуется.
       ResourceCompile:
         Для всех выходных данных обновления не требуется.
       ManifestResourceCompile:
         Для всех выходных данных обновления не требуется.
       Link:
         Для всех выходных данных обновления не требуется.
       Manifest:
         C:\Program Files (x86)\Microsoft SDKs\Windows\v7.0A\bin\mt.exe /nologo /verbose /out:"Debug\kaskad.exe.embed.manifest" /manifest Debug\kaskad.exe.intermediate.manifest "C:\Program Files (x86)\Microsoft Visual Studio 10.0\VC\Include\Manifest\dpiaware.manifest"
         Для всех выходных данных обновления не требуется.
       FinalizeBuildStatus:
         Файл "Debug\kaskad.unsuccessfulbuild" удаляется.
         Обращение к "Debug\kaskad.lastbuildstate".
     1>Построение проекта "D:\nir\kaskad_work\kaskad\kaskad.vcxproj" завершено (целевые объекты build).

Построение успешно завершено.

Затраченное время: 00:00:00.86
